Sourced Conda.sh script. Now activating environment
Conda env is now gpu_corpus_filter_env
Constructing Stanza pipeline...
Constructed Stanza pipeline.
Annotating and serializing sentences from: /projects/assigned/lm-inductive/gulordava_data/train.txt.
Batch size: 10000 lines.
Serialization output file: /projects/assigned/lm-inductive/gulordava_data/stanza_out/train.stanza.gpu.data.
Batch #1: Annotating 10000 sentences...
Batch #1: Annotated 10000 sentences.
Batch #1: Serializing to file...
Batch #1: Serializing batch to file. Serialized 10000 in 1 batches.
Batch #2: Annotating 10000 sentences...
Batch #2: Annotated 10000 sentences.
Batch #2: Serializing to file...
Batch #2: Serializing batch to file. Serialized 20000 in 2 batches.
Batch #3: Annotating 10000 sentences...
Batch #3: Annotated 10000 sentences.
Batch #3: Serializing to file...
Batch #3: Serializing batch to file. Serialized 30000 in 3 batches.
Batch #4: Annotating 10000 sentences...
Batch #4: Annotated 10000 sentences.
Batch #4: Serializing to file...
Batch #4: Serializing batch to file. Serialized 40000 in 4 batches.
Batch #5: Annotating 10000 sentences...
Batch #5: Annotated 10000 sentences.
Batch #5: Serializing to file...
Batch #5: Serializing batch to file. Serialized 50000 in 5 batches.
Batch #6: Annotating 10000 sentences...
Batch #6: Annotated 10000 sentences.
Batch #6: Serializing to file...
Batch #6: Serializing batch to file. Serialized 60000 in 6 batches.
Batch #7: Annotating 10000 sentences...
Batch #7: Annotated 10000 sentences.
Batch #7: Serializing to file...
Batch #7: Serializing batch to file. Serialized 70000 in 7 batches.
Batch #8: Annotating 10000 sentences...
Batch #8: Annotated 10000 sentences.
Batch #8: Serializing to file...
Batch #8: Serializing batch to file. Serialized 80000 in 8 batches.
Batch #9: Annotating 10000 sentences...
Batch #9: Annotated 10000 sentences.
Batch #9: Serializing to file...
Batch #9: Serializing batch to file. Serialized 90000 in 9 batches.
Batch #10: Annotating 10000 sentences...
Batch #10: Annotated 10000 sentences.
Batch #10: Serializing to file...
Batch #10: Serializing batch to file. Serialized 100000 in 10 batches.
Batch #11: Annotating 10000 sentences...
Batch #11: Annotated 10000 sentences.
Batch #11: Serializing to file...
Batch #11: Serializing batch to file. Serialized 110000 in 11 batches.
Batch #12: Annotating 10000 sentences...
Batch #12: Annotated 10000 sentences.
Batch #12: Serializing to file...
Batch #12: Serializing batch to file. Serialized 120000 in 12 batches.
Batch #13: Annotating 10000 sentences...
Batch #13: Annotated 10000 sentences.
Batch #13: Serializing to file...
Batch #13: Serializing batch to file. Serialized 130000 in 13 batches.
Batch #14: Annotating 10000 sentences...
Batch #14: Annotated 10000 sentences.
Batch #14: Serializing to file...
Batch #14: Serializing batch to file. Serialized 140000 in 14 batches.
Batch #15: Annotating 10000 sentences...
Batch #15: Annotated 10000 sentences.
Batch #15: Serializing to file...
Batch #15: Serializing batch to file. Serialized 150000 in 15 batches.
Batch #16: Annotating 10000 sentences...
Batch #16: Annotated 10000 sentences.
Batch #16: Serializing to file...
Batch #16: Serializing batch to file. Serialized 160000 in 16 batches.
Batch #17: Annotating 10000 sentences...
Batch #17: Annotated 10000 sentences.
Batch #17: Serializing to file...
Batch #17: Serializing batch to file. Serialized 170000 in 17 batches.
Batch #18: Annotating 10000 sentences...
Batch #18: Annotated 10000 sentences.
Batch #18: Serializing to file...
Batch #18: Serializing batch to file. Serialized 180000 in 18 batches.
Batch #19: Annotating 10000 sentences...
Batch #19: Annotated 10000 sentences.
Batch #19: Serializing to file...
Batch #19: Serializing batch to file. Serialized 190000 in 19 batches.
Batch #20: Annotating 10000 sentences...
Batch #20: Annotated 10000 sentences.
Batch #20: Serializing to file...
Batch #20: Serializing batch to file. Serialized 200000 in 20 batches.
Batch #21: Annotating 10000 sentences...
Batch #21: Annotated 10000 sentences.
Batch #21: Serializing to file...
Batch #21: Serializing batch to file. Serialized 210000 in 21 batches.
Batch #22: Annotating 10000 sentences...
Batch #22: Annotated 10000 sentences.
Batch #22: Serializing to file...
Batch #22: Serializing batch to file. Serialized 220000 in 22 batches.
Batch #23: Annotating 10000 sentences...
Batch #23: Annotated 10000 sentences.
Batch #23: Serializing to file...
Batch #23: Serializing batch to file. Serialized 230000 in 23 batches.
Batch #24: Annotating 10000 sentences...
Batch #24: Annotated 10000 sentences.
Batch #24: Serializing to file...
Batch #24: Serializing batch to file. Serialized 240000 in 24 batches.
Batch #25: Annotating 10000 sentences...
Batch #25: Annotated 10000 sentences.
Batch #25: Serializing to file...
Batch #25: Serializing batch to file. Serialized 250000 in 25 batches.
Batch #26: Annotating 10000 sentences...
Batch #26: Annotated 10000 sentences.
Batch #26: Serializing to file...
Batch #26: Serializing batch to file. Serialized 260000 in 26 batches.
Batch #27: Annotating 10000 sentences...
Batch #27: Annotated 10000 sentences.
Batch #27: Serializing to file...
Batch #27: Serializing batch to file. Serialized 270000 in 27 batches.
Batch #28: Annotating 10000 sentences...
Batch #28: Annotated 10000 sentences.
Batch #28: Serializing to file...
Batch #28: Serializing batch to file. Serialized 280000 in 28 batches.
Batch #29: Annotating 10000 sentences...
Batch #29: Annotated 10000 sentences.
Batch #29: Serializing to file...
Batch #29: Serializing batch to file. Serialized 290000 in 29 batches.
Batch #30: Annotating 10000 sentences...
Batch #30: Annotated 10000 sentences.
Batch #30: Serializing to file...
Batch #30: Serializing batch to file. Serialized 300000 in 30 batches.
Batch #31: Annotating 10000 sentences...
Batch #31: Annotated 10000 sentences.
Batch #31: Serializing to file...
Batch #31: Serializing batch to file. Serialized 310000 in 31 batches.
Batch #32: Annotating 10000 sentences...
Batch #32: Annotated 10000 sentences.
Batch #32: Serializing to file...
Batch #32: Serializing batch to file. Serialized 320000 in 32 batches.
Batch #33: Annotating 10000 sentences...
Batch #33: Annotated 10000 sentences.
Batch #33: Serializing to file...
Batch #33: Serializing batch to file. Serialized 330000 in 33 batches.
Batch #34: Annotating 10000 sentences...
Batch #34: Annotated 10000 sentences.
Batch #34: Serializing to file...
Batch #34: Serializing batch to file. Serialized 340000 in 34 batches.
Batch #35: Annotating 10000 sentences...
Batch #35: Annotated 10000 sentences.
Batch #35: Serializing to file...
Batch #35: Serializing batch to file. Serialized 350000 in 35 batches.
Batch #36: Annotating 10000 sentences...
Batch #36: Annotated 10000 sentences.
Batch #36: Serializing to file...
Batch #36: Serializing batch to file. Serialized 360000 in 36 batches.
Batch #37: Annotating 10000 sentences...
Batch #37: Annotated 10000 sentences.
Batch #37: Serializing to file...
Batch #37: Serializing batch to file. Serialized 370000 in 37 batches.
Batch #38: Annotating 10000 sentences...
Batch #38: Annotated 10000 sentences.
Batch #38: Serializing to file...
Batch #38: Serializing batch to file. Serialized 380000 in 38 batches.
Batch #39: Annotating 10000 sentences...
Batch #39: Annotated 10000 sentences.
Batch #39: Serializing to file...
Batch #39: Serializing batch to file. Serialized 390000 in 39 batches.
Batch #40: Annotating 10000 sentences...
Batch #40: Annotated 10000 sentences.
Batch #40: Serializing to file...
Batch #40: Serializing batch to file. Serialized 400000 in 40 batches.
Batch #41: Annotating 10000 sentences...
Batch #41: Annotated 10000 sentences.
Batch #41: Serializing to file...
Batch #41: Serializing batch to file. Serialized 410000 in 41 batches.
Batch #42: Annotating 10000 sentences...
Batch #42: Annotated 10000 sentences.
Batch #42: Serializing to file...
Batch #42: Serializing batch to file. Serialized 420000 in 42 batches.
Batch #43: Annotating 10000 sentences...
Batch #43: Annotated 10000 sentences.
Batch #43: Serializing to file...
Batch #43: Serializing batch to file. Serialized 430000 in 43 batches.
Batch #44: Annotating 10000 sentences...
Batch #44: Annotated 10000 sentences.
Batch #44: Serializing to file...
Batch #44: Serializing batch to file. Serialized 440000 in 44 batches.
Batch #45: Annotating 10000 sentences...
Batch #45: Annotated 10000 sentences.
Batch #45: Serializing to file...
Batch #45: Serializing batch to file. Serialized 450000 in 45 batches.
Batch #46: Annotating 10000 sentences...
Batch #46: Annotated 10000 sentences.
Batch #46: Serializing to file...
Batch #46: Serializing batch to file. Serialized 460000 in 46 batches.
Batch #47: Annotating 10000 sentences...
Batch #47: Annotated 10000 sentences.
Batch #47: Serializing to file...
Batch #47: Serializing batch to file. Serialized 470000 in 47 batches.
Batch #48: Annotating 10000 sentences...
Batch #48: Annotated 10000 sentences.
Batch #48: Serializing to file...
Batch #48: Serializing batch to file. Serialized 480000 in 48 batches.
Batch #49: Annotating 10000 sentences...
Batch #49: Annotated 10000 sentences.
Batch #49: Serializing to file...
Batch #49: Serializing batch to file. Serialized 490000 in 49 batches.
Batch #50: Annotating 10000 sentences...
Batch #50: Annotated 10000 sentences.
Batch #50: Serializing to file...
Batch #50: Serializing batch to file. Serialized 500000 in 50 batches.
Batch #51: Annotating 10000 sentences...
Batch #51: Annotated 10000 sentences.
Batch #51: Serializing to file...
Batch #51: Serializing batch to file. Serialized 510000 in 51 batches.
Batch #52: Annotating 10000 sentences...
Batch #52: Annotated 10000 sentences.
Batch #52: Serializing to file...
Batch #52: Serializing batch to file. Serialized 520000 in 52 batches.
Batch #53: Annotating 10000 sentences...
Batch #53: Annotated 10000 sentences.
Batch #53: Serializing to file...
Batch #53: Serializing batch to file. Serialized 530000 in 53 batches.
Batch #54: Annotating 10000 sentences...
Batch #54: Annotated 10000 sentences.
Batch #54: Serializing to file...
Batch #54: Serializing batch to file. Serialized 540000 in 54 batches.
Batch #55: Annotating 10000 sentences...
Batch #55: Annotated 10000 sentences.
Batch #55: Serializing to file...
Batch #55: Serializing batch to file. Serialized 550000 in 55 batches.
Batch #56: Annotating 10000 sentences...
Batch #56: Annotated 10000 sentences.
Batch #56: Serializing to file...
Batch #56: Serializing batch to file. Serialized 560000 in 56 batches.
Batch #57: Annotating 10000 sentences...
Batch #57: Annotated 10000 sentences.
Batch #57: Serializing to file...
Batch #57: Serializing batch to file. Serialized 570000 in 57 batches.
Batch #58: Annotating 10000 sentences...
Batch #58: Annotated 10000 sentences.
Batch #58: Serializing to file...
Batch #58: Serializing batch to file. Serialized 580000 in 58 batches.
Batch #59: Annotating 10000 sentences...
Batch #59: Annotated 10000 sentences.
Batch #59: Serializing to file...
Batch #59: Serializing batch to file. Serialized 590000 in 59 batches.
Batch #60: Annotating 10000 sentences...
Batch #60: Annotated 10000 sentences.
Batch #60: Serializing to file...
Batch #60: Serializing batch to file. Serialized 600000 in 60 batches.
Batch #61: Annotating 10000 sentences...
Batch #61: Annotated 10000 sentences.
Batch #61: Serializing to file...
Batch #61: Serializing batch to file. Serialized 610000 in 61 batches.
Batch #62: Annotating 10000 sentences...
Batch #62: Annotated 10000 sentences.
Batch #62: Serializing to file...
Batch #62: Serializing batch to file. Serialized 620000 in 62 batches.
Batch #63: Annotating 10000 sentences...
Batch #63: Annotated 10000 sentences.
Batch #63: Serializing to file...
Batch #63: Serializing batch to file. Serialized 630000 in 63 batches.
Batch #64: Annotating 10000 sentences...
Batch #64: Annotated 10000 sentences.
Batch #64: Serializing to file...
Batch #64: Serializing batch to file. Serialized 640000 in 64 batches.
Batch #65: Annotating 10000 sentences...
Batch #65: Annotated 10000 sentences.
Batch #65: Serializing to file...
Batch #65: Serializing batch to file. Serialized 650000 in 65 batches.
Batch #66: Annotating 10000 sentences...
Batch #66: Annotated 10000 sentences.
Batch #66: Serializing to file...
Batch #66: Serializing batch to file. Serialized 660000 in 66 batches.
Batch #67: Annotating 10000 sentences...
Batch #67: Annotated 10000 sentences.
Batch #67: Serializing to file...
Batch #67: Serializing batch to file. Serialized 670000 in 67 batches.
Batch #68: Annotating 10000 sentences...
Batch #68: Annotated 10000 sentences.
Batch #68: Serializing to file...
Batch #68: Serializing batch to file. Serialized 680000 in 68 batches.
Batch #69: Annotating 10000 sentences...
Batch #69: Annotated 10000 sentences.
Batch #69: Serializing to file...
Batch #69: Serializing batch to file. Serialized 690000 in 69 batches.
Batch #70: Annotating 10000 sentences...
Batch #70: Annotated 10000 sentences.
Batch #70: Serializing to file...
Batch #70: Serializing batch to file. Serialized 700000 in 70 batches.
Batch #71: Annotating 10000 sentences...
Batch #71: Annotated 10000 sentences.
Batch #71: Serializing to file...
Batch #71: Serializing batch to file. Serialized 710000 in 71 batches.
Batch #72: Annotating 10000 sentences...
Batch #72: Annotated 10000 sentences.
Batch #72: Serializing to file...
Batch #72: Serializing batch to file. Serialized 720000 in 72 batches.
Batch #73: Annotating 10000 sentences...
Batch #73: Annotated 10000 sentences.
Batch #73: Serializing to file...
Batch #73: Serializing batch to file. Serialized 730000 in 73 batches.
Batch #74: Annotating 10000 sentences...
Batch #74: Annotated 10000 sentences.
Batch #74: Serializing to file...
Batch #74: Serializing batch to file. Serialized 740000 in 74 batches.
Batch #75: Annotating 10000 sentences...
Batch #75: Annotated 10000 sentences.
Batch #75: Serializing to file...
Batch #75: Serializing batch to file. Serialized 750000 in 75 batches.
Batch #76: Annotating 10000 sentences...
Batch #76: Annotated 10000 sentences.
Batch #76: Serializing to file...
Batch #76: Serializing batch to file. Serialized 760000 in 76 batches.
Batch #77: Annotating 10000 sentences...
Batch #77: Annotated 10000 sentences.
Batch #77: Serializing to file...
Batch #77: Serializing batch to file. Serialized 770000 in 77 batches.
Batch #78: Annotating 10000 sentences...
Batch #78: Annotated 10000 sentences.
Batch #78: Serializing to file...
Batch #78: Serializing batch to file. Serialized 780000 in 78 batches.
Batch #79: Annotating 10000 sentences...
Batch #79: Annotated 10000 sentences.
Batch #79: Serializing to file...
Batch #79: Serializing batch to file. Serialized 790000 in 79 batches.
Batch #80: Annotating 10000 sentences...
Batch #80: Annotated 10000 sentences.
Batch #80: Serializing to file...
Batch #80: Serializing batch to file. Serialized 800000 in 80 batches.
Batch #81: Annotating 10000 sentences...
Batch #81: Annotated 10000 sentences.
Batch #81: Serializing to file...
Batch #81: Serializing batch to file. Serialized 810000 in 81 batches.
Batch #82: Annotating 10000 sentences...
Batch #82: Annotated 10000 sentences.
Batch #82: Serializing to file...
Batch #82: Serializing batch to file. Serialized 820000 in 82 batches.
Batch #83: Annotating 10000 sentences...
Batch #83: Annotated 10000 sentences.
Batch #83: Serializing to file...
Batch #83: Serializing batch to file. Serialized 830000 in 83 batches.
Batch #84: Annotating 10000 sentences...
Batch #84: Annotated 10000 sentences.
Batch #84: Serializing to file...
Batch #84: Serializing batch to file. Serialized 840000 in 84 batches.
Batch #85: Annotating 10000 sentences...
Batch #85: Annotated 10000 sentences.
Batch #85: Serializing to file...
Batch #85: Serializing batch to file. Serialized 850000 in 85 batches.
Batch #86: Annotating 10000 sentences...
Batch #86: Annotated 10000 sentences.
Batch #86: Serializing to file...
Batch #86: Serializing batch to file. Serialized 860000 in 86 batches.
Batch #87: Annotating 10000 sentences...
Batch #87: Annotated 10000 sentences.
Batch #87: Serializing to file...
Batch #87: Serializing batch to file. Serialized 870000 in 87 batches.
Batch #88: Annotating 10000 sentences...
Batch #88: Annotated 10000 sentences.
Batch #88: Serializing to file...
Batch #88: Serializing batch to file. Serialized 880000 in 88 batches.
Batch #89: Annotating 10000 sentences...
Batch #89: Annotated 10000 sentences.
Batch #89: Serializing to file...
Batch #89: Serializing batch to file. Serialized 890000 in 89 batches.
Batch #90: Annotating 10000 sentences...
Batch #90: Annotated 10000 sentences.
Batch #90: Serializing to file...
Batch #90: Serializing batch to file. Serialized 900000 in 90 batches.
Batch #91: Annotating 10000 sentences...
Batch #91: Annotated 10000 sentences.
Batch #91: Serializing to file...
Batch #91: Serializing batch to file. Serialized 910000 in 91 batches.
Batch #92: Annotating 10000 sentences...
Batch #92: Annotated 10000 sentences.
Batch #92: Serializing to file...
Batch #92: Serializing batch to file. Serialized 920000 in 92 batches.
Batch #93: Annotating 10000 sentences...
Batch #93: Annotated 10000 sentences.
Batch #93: Serializing to file...
Batch #93: Serializing batch to file. Serialized 930000 in 93 batches.
Batch #94: Annotating 10000 sentences...
Batch #94: Annotated 10000 sentences.
Batch #94: Serializing to file...
Batch #94: Serializing batch to file. Serialized 940000 in 94 batches.
Batch #95: Annotating 10000 sentences...
Batch #95: Annotated 10000 sentences.
Batch #95: Serializing to file...
Batch #95: Serializing batch to file. Serialized 950000 in 95 batches.
Batch #96: Annotating 10000 sentences...
Batch #96: Annotated 10000 sentences.
Batch #96: Serializing to file...
Batch #96: Serializing batch to file. Serialized 960000 in 96 batches.
Batch #97: Annotating 10000 sentences...
Batch #97: Annotated 10000 sentences.
Batch #97: Serializing to file...
Batch #97: Serializing batch to file. Serialized 970000 in 97 batches.
Batch #98: Annotating 10000 sentences...
Batch #98: Annotated 10000 sentences.
Batch #98: Serializing to file...
Batch #98: Serializing batch to file. Serialized 980000 in 98 batches.
Batch #99: Annotating 10000 sentences...
Batch #99: Annotated 10000 sentences.
Batch #99: Serializing to file...
Batch #99: Serializing batch to file. Serialized 990000 in 99 batches.
Batch #100: Annotating 10000 sentences...
Batch #100: Annotated 10000 sentences.
Batch #100: Serializing to file...
Batch #100: Serializing batch to file. Serialized 1000000 in 100 batches.
Batch #101: Annotating 10000 sentences...
Batch #101: Annotated 10000 sentences.
Batch #101: Serializing to file...
Batch #101: Serializing batch to file. Serialized 1010000 in 101 batches.
Batch #102: Annotating 10000 sentences...
Batch #102: Annotated 10000 sentences.
Batch #102: Serializing to file...
Batch #102: Serializing batch to file. Serialized 1020000 in 102 batches.
Batch #103: Annotating 10000 sentences...
Batch #103: Annotated 10000 sentences.
Batch #103: Serializing to file...
Batch #103: Serializing batch to file. Serialized 1030000 in 103 batches.
Batch #104: Annotating 10000 sentences...
Batch #104: Annotated 10000 sentences.
Batch #104: Serializing to file...
Batch #104: Serializing batch to file. Serialized 1040000 in 104 batches.
Batch #105: Annotating 10000 sentences...
Batch #105: Annotated 10000 sentences.
Batch #105: Serializing to file...
Batch #105: Serializing batch to file. Serialized 1050000 in 105 batches.
Batch #106: Annotating 10000 sentences...
Batch #106: Annotated 10000 sentences.
Batch #106: Serializing to file...
Batch #106: Serializing batch to file. Serialized 1060000 in 106 batches.
Batch #107: Annotating 10000 sentences...
Batch #107: Annotated 10000 sentences.
Batch #107: Serializing to file...
Batch #107: Serializing batch to file. Serialized 1070000 in 107 batches.
Batch #108: Annotating 10000 sentences...
Batch #108: Annotated 10000 sentences.
Batch #108: Serializing to file...
Batch #108: Serializing batch to file. Serialized 1080000 in 108 batches.
Batch #109: Annotating 10000 sentences...
Batch #109: Annotated 10000 sentences.
Batch #109: Serializing to file...
Batch #109: Serializing batch to file. Serialized 1090000 in 109 batches.
Batch #110: Annotating 10000 sentences...
Batch #110: Annotated 10000 sentences.
Batch #110: Serializing to file...
Batch #110: Serializing batch to file. Serialized 1100000 in 110 batches.
Batch #111: Annotating 10000 sentences...
Batch #111: Annotated 10000 sentences.
Batch #111: Serializing to file...
Batch #111: Serializing batch to file. Serialized 1110000 in 111 batches.
Batch #112: Annotating 10000 sentences...
Batch #112: Annotated 10000 sentences.
Batch #112: Serializing to file...
Batch #112: Serializing batch to file. Serialized 1120000 in 112 batches.
Batch #113: Annotating 10000 sentences...
Batch #113: Annotated 10000 sentences.
Batch #113: Serializing to file...
Batch #113: Serializing batch to file. Serialized 1130000 in 113 batches.
Batch #114: Annotating 10000 sentences...
Batch #114: Annotated 10000 sentences.
Batch #114: Serializing to file...
Batch #114: Serializing batch to file. Serialized 1140000 in 114 batches.
Batch #115: Annotating 10000 sentences...
Batch #115: Annotated 10000 sentences.
Batch #115: Serializing to file...
Batch #115: Serializing batch to file. Serialized 1150000 in 115 batches.
Batch #116: Annotating 10000 sentences...
Batch #116: Annotated 10000 sentences.
Batch #116: Serializing to file...
Batch #116: Serializing batch to file. Serialized 1160000 in 116 batches.
Batch #117: Annotating 10000 sentences...
Batch #117: Annotated 10000 sentences.
Batch #117: Serializing to file...
Batch #117: Serializing batch to file. Serialized 1170000 in 117 batches.
Batch #118: Annotating 10000 sentences...
Batch #118: Annotated 10000 sentences.
Batch #118: Serializing to file...
Batch #118: Serializing batch to file. Serialized 1180000 in 118 batches.
Batch #119: Annotating 10000 sentences...
Batch #119: Annotated 10000 sentences.
Batch #119: Serializing to file...
Batch #119: Serializing batch to file. Serialized 1190000 in 119 batches.
Batch #120: Annotating 10000 sentences...
Batch #120: Annotated 10000 sentences.
Batch #120: Serializing to file...
Batch #120: Serializing batch to file. Serialized 1200000 in 120 batches.
Batch #121: Annotating 10000 sentences...
Batch #121: Annotated 10000 sentences.
Batch #121: Serializing to file...
Batch #121: Serializing batch to file. Serialized 1210000 in 121 batches.
Batch #122: Annotating 10000 sentences...
Batch #122: Annotated 10000 sentences.
Batch #122: Serializing to file...
Batch #122: Serializing batch to file. Serialized 1220000 in 122 batches.
Batch #123: Annotating 10000 sentences...
Batch #123: Annotated 10000 sentences.
Batch #123: Serializing to file...
Batch #123: Serializing batch to file. Serialized 1230000 in 123 batches.
Batch #124: Annotating 10000 sentences...
Batch #124: Annotated 10000 sentences.
Batch #124: Serializing to file...
Batch #124: Serializing batch to file. Serialized 1240000 in 124 batches.
Batch #125: Annotating 10000 sentences...
Batch #125: Annotated 10000 sentences.
Batch #125: Serializing to file...
Batch #125: Serializing batch to file. Serialized 1250000 in 125 batches.
Batch #126: Annotating 10000 sentences...
Batch #126: Annotated 10000 sentences.
Batch #126: Serializing to file...
Batch #126: Serializing batch to file. Serialized 1260000 in 126 batches.
Batch #127: Annotating 10000 sentences...
Batch #127: Annotated 10000 sentences.
Batch #127: Serializing to file...
Batch #127: Serializing batch to file. Serialized 1270000 in 127 batches.
Batch #128: Annotating 10000 sentences...
Batch #128: Annotated 10000 sentences.
Batch #128: Serializing to file...
Batch #128: Serializing batch to file. Serialized 1280000 in 128 batches.
Batch #129: Annotating 10000 sentences...
Batch #129: Annotated 10000 sentences.
Batch #129: Serializing to file...
Batch #129: Serializing batch to file. Serialized 1290000 in 129 batches.
Batch #130: Annotating 10000 sentences...
Batch #130: Annotated 10000 sentences.
Batch #130: Serializing to file...
Batch #130: Serializing batch to file. Serialized 1300000 in 130 batches.
Batch #131: Annotating 10000 sentences...
Batch #131: Annotated 10000 sentences.
Batch #131: Serializing to file...
Batch #131: Serializing batch to file. Serialized 1310000 in 131 batches.
Batch #132: Annotating 10000 sentences...
Batch #132: Annotated 10000 sentences.
Batch #132: Serializing to file...
Batch #132: Serializing batch to file. Serialized 1320000 in 132 batches.
Batch #133: Annotating 10000 sentences...
Batch #133: Annotated 10000 sentences.
Batch #133: Serializing to file...
Batch #133: Serializing batch to file. Serialized 1330000 in 133 batches.
Batch #134: Annotating 10000 sentences...
Batch #134: Annotated 10000 sentences.
Batch #134: Serializing to file...
Batch #134: Serializing batch to file. Serialized 1340000 in 134 batches.
Batch #135: Annotating 10000 sentences...
Batch #135: Annotated 10000 sentences.
Batch #135: Serializing to file...
Batch #135: Serializing batch to file. Serialized 1350000 in 135 batches.
Batch #136: Annotating 10000 sentences...
Batch #136: Annotated 10000 sentences.
Batch #136: Serializing to file...
Batch #136: Serializing batch to file. Serialized 1360000 in 136 batches.
Batch #137: Annotating 10000 sentences...
Batch #137: Annotated 10000 sentences.
Batch #137: Serializing to file...
Batch #137: Serializing batch to file. Serialized 1370000 in 137 batches.
Batch #138: Annotating 10000 sentences...
Batch #138: Annotated 10000 sentences.
Batch #138: Serializing to file...
Batch #138: Serializing batch to file. Serialized 1380000 in 138 batches.
Batch #139: Annotating 10000 sentences...
Batch #139: Annotated 10000 sentences.
Batch #139: Serializing to file...
Batch #139: Serializing batch to file. Serialized 1390000 in 139 batches.
Batch #140: Annotating 10000 sentences...
Batch #140: Annotated 10000 sentences.
Batch #140: Serializing to file...
Batch #140: Serializing batch to file. Serialized 1400000 in 140 batches.
Batch #141: Annotating 10000 sentences...
Batch #141: Annotated 10000 sentences.
Batch #141: Serializing to file...
Batch #141: Serializing batch to file. Serialized 1410000 in 141 batches.
Batch #142: Annotating 10000 sentences...
Batch #142: Annotated 10000 sentences.
Batch #142: Serializing to file...
Batch #142: Serializing batch to file. Serialized 1420000 in 142 batches.
Batch #143: Annotating 10000 sentences...
Batch #143: Annotated 10000 sentences.
Batch #143: Serializing to file...
Batch #143: Serializing batch to file. Serialized 1430000 in 143 batches.
Batch #144: Annotating 10000 sentences...
Batch #144: Annotated 10000 sentences.
Batch #144: Serializing to file...
Batch #144: Serializing batch to file. Serialized 1440000 in 144 batches.
Batch #145: Annotating 10000 sentences...
Batch #145: Annotated 10000 sentences.
Batch #145: Serializing to file...
Batch #145: Serializing batch to file. Serialized 1450000 in 145 batches.
Batch #146: Annotating 10000 sentences...
Batch #146: Annotated 10000 sentences.
Batch #146: Serializing to file...
Batch #146: Serializing batch to file. Serialized 1460000 in 146 batches.
Batch #147: Annotating 10000 sentences...
Batch #147: Annotated 10000 sentences.
Batch #147: Serializing to file...
Batch #147: Serializing batch to file. Serialized 1470000 in 147 batches.
Batch #148: Annotating 10000 sentences...
Batch #148: Annotated 10000 sentences.
Batch #148: Serializing to file...
Batch #148: Serializing batch to file. Serialized 1480000 in 148 batches.
Batch #149: Annotating 10000 sentences...
Batch #149: Annotated 10000 sentences.
Batch #149: Serializing to file...
Batch #149: Serializing batch to file. Serialized 1490000 in 149 batches.
Batch #150: Annotating 10000 sentences...
Batch #150: Annotated 10000 sentences.
Batch #150: Serializing to file...
Batch #150: Serializing batch to file. Serialized 1500000 in 150 batches.
Batch #151: Annotating 10000 sentences...
Batch #151: Annotated 10000 sentences.
Batch #151: Serializing to file...
Batch #151: Serializing batch to file. Serialized 1510000 in 151 batches.
Batch #152: Annotating 10000 sentences...
Batch #152: Annotated 10000 sentences.
Batch #152: Serializing to file...
Batch #152: Serializing batch to file. Serialized 1520000 in 152 batches.
Batch #153: Annotating 10000 sentences...
Batch #153: Annotated 10000 sentences.
Batch #153: Serializing to file...
Batch #153: Serializing batch to file. Serialized 1530000 in 153 batches.
Batch #154: Annotating 10000 sentences...
Batch #154: Annotated 10000 sentences.
Batch #154: Serializing to file...
Batch #154: Serializing batch to file. Serialized 1540000 in 154 batches.
Batch #155: Annotating 10000 sentences...
Batch #155: Annotated 10000 sentences.
Batch #155: Serializing to file...
Batch #155: Serializing batch to file. Serialized 1550000 in 155 batches.
Batch #156: Annotating 10000 sentences...
Batch #156: Annotated 10000 sentences.
Batch #156: Serializing to file...
Batch #156: Serializing batch to file. Serialized 1560000 in 156 batches.
Batch #157: Annotating 10000 sentences...
Batch #157: Annotated 10000 sentences.
Batch #157: Serializing to file...
Batch #157: Serializing batch to file. Serialized 1570000 in 157 batches.
Batch #158: Annotating 10000 sentences...
Batch #158: Annotated 10000 sentences.
Batch #158: Serializing to file...
Batch #158: Serializing batch to file. Serialized 1580000 in 158 batches.
Batch #159: Annotating 10000 sentences...
Batch #159: Annotated 10000 sentences.
Batch #159: Serializing to file...
Batch #159: Serializing batch to file. Serialized 1590000 in 159 batches.
Batch #160: Annotating 10000 sentences...
Batch #160: Annotated 10000 sentences.
Batch #160: Serializing to file...
Batch #160: Serializing batch to file. Serialized 1600000 in 160 batches.
Batch #161: Annotating 10000 sentences...
Batch #161: Annotated 10000 sentences.
Batch #161: Serializing to file...
Batch #161: Serializing batch to file. Serialized 1610000 in 161 batches.
Batch #162: Annotating 10000 sentences...
Batch #162: Annotated 10000 sentences.
Batch #162: Serializing to file...
Batch #162: Serializing batch to file. Serialized 1620000 in 162 batches.
Batch #163: Annotating 10000 sentences...
Batch #163: Annotated 10000 sentences.
Batch #163: Serializing to file...
Batch #163: Serializing batch to file. Serialized 1630000 in 163 batches.
Batch #164: Annotating 10000 sentences...
Batch #164: Annotated 10000 sentences.
Batch #164: Serializing to file...
Batch #164: Serializing batch to file. Serialized 1640000 in 164 batches.
Batch #165: Annotating 10000 sentences...
Batch #165: Annotated 10000 sentences.
Batch #165: Serializing to file...
Batch #165: Serializing batch to file. Serialized 1650000 in 165 batches.
Batch #166: Annotating 10000 sentences...
Batch #166: Annotated 10000 sentences.
Batch #166: Serializing to file...
Batch #166: Serializing batch to file. Serialized 1660000 in 166 batches.
Batch #167: Annotating 10000 sentences...
Batch #167: Annotated 10000 sentences.
Batch #167: Serializing to file...
Batch #167: Serializing batch to file. Serialized 1670000 in 167 batches.
Batch #168: Annotating 10000 sentences...
Batch #168: Annotated 10000 sentences.
Batch #168: Serializing to file...
Batch #168: Serializing batch to file. Serialized 1680000 in 168 batches.
Batch #169: Annotating 10000 sentences...
Batch #169: Annotated 10000 sentences.
Batch #169: Serializing to file...
Batch #169: Serializing batch to file. Serialized 1690000 in 169 batches.
Batch #170: Annotating 10000 sentences...
Batch #170: Annotated 10000 sentences.
Batch #170: Serializing to file...
Batch #170: Serializing batch to file. Serialized 1700000 in 170 batches.
Batch #171: Annotating 10000 sentences...
Batch #171: Annotated 10000 sentences.
Batch #171: Serializing to file...
Batch #171: Serializing batch to file. Serialized 1710000 in 171 batches.
Batch #172: Annotating 10000 sentences...
Batch #172: Annotated 10000 sentences.
Batch #172: Serializing to file...
Batch #172: Serializing batch to file. Serialized 1720000 in 172 batches.
Batch #173: Annotating 10000 sentences...
Batch #173: Annotated 10000 sentences.
Batch #173: Serializing to file...
Batch #173: Serializing batch to file. Serialized 1730000 in 173 batches.
Batch #174: Annotating 10000 sentences...
Batch #174: Annotated 10000 sentences.
Batch #174: Serializing to file...
Batch #174: Serializing batch to file. Serialized 1740000 in 174 batches.
Batch #175: Annotating 10000 sentences...
Batch #175: Annotated 10000 sentences.
Batch #175: Serializing to file...
Batch #175: Serializing batch to file. Serialized 1750000 in 175 batches.
Batch #176: Annotating 10000 sentences...
Batch #176: Annotated 10000 sentences.
Batch #176: Serializing to file...
Batch #176: Serializing batch to file. Serialized 1760000 in 176 batches.
Batch #177: Annotating 10000 sentences...
Batch #177: Annotated 10000 sentences.
Batch #177: Serializing to file...
Batch #177: Serializing batch to file. Serialized 1770000 in 177 batches.
Batch #178: Annotating 10000 sentences...
Batch #178: Annotated 10000 sentences.
Batch #178: Serializing to file...
Batch #178: Serializing batch to file. Serialized 1780000 in 178 batches.
Batch #179: Annotating 10000 sentences...
Batch #179: Annotated 10000 sentences.
Batch #179: Serializing to file...
Batch #179: Serializing batch to file. Serialized 1790000 in 179 batches.
Batch #180: Annotating 10000 sentences...
Batch #180: Annotated 10000 sentences.
Batch #180: Serializing to file...
Batch #180: Serializing batch to file. Serialized 1800000 in 180 batches.
Batch #181: Annotating 10000 sentences...
Batch #181: Annotated 10000 sentences.
Batch #181: Serializing to file...
Batch #181: Serializing batch to file. Serialized 1810000 in 181 batches.
Batch #182: Annotating 10000 sentences...
Batch #182: Annotated 10000 sentences.
Batch #182: Serializing to file...
Batch #182: Serializing batch to file. Serialized 1820000 in 182 batches.
Batch #183: Annotating 10000 sentences...
Batch #183: Annotated 10000 sentences.
Batch #183: Serializing to file...
Batch #183: Serializing batch to file. Serialized 1830000 in 183 batches.
Batch #184: Annotating 10000 sentences...
Batch #184: Annotated 10000 sentences.
Batch #184: Serializing to file...
Batch #184: Serializing batch to file. Serialized 1840000 in 184 batches.
Batch #185: Annotating 10000 sentences...
Batch #185: Annotated 10000 sentences.
Batch #185: Serializing to file...
Batch #185: Serializing batch to file. Serialized 1850000 in 185 batches.
Batch #186: Annotating 10000 sentences...
Batch #186: Annotated 10000 sentences.
Batch #186: Serializing to file...
Batch #186: Serializing batch to file. Serialized 1860000 in 186 batches.
Batch #187: Annotating 10000 sentences...
Batch #187: Annotated 10000 sentences.
Batch #187: Serializing to file...
Batch #187: Serializing batch to file. Serialized 1870000 in 187 batches.
Batch #188: Annotating 10000 sentences...
Batch #188: Annotated 10000 sentences.
Batch #188: Serializing to file...
Batch #188: Serializing batch to file. Serialized 1880000 in 188 batches.
Batch #189: Annotating 10000 sentences...
Batch #189: Annotated 10000 sentences.
Batch #189: Serializing to file...
Batch #189: Serializing batch to file. Serialized 1890000 in 189 batches.
Batch #190: Annotating 10000 sentences...
Batch #190: Annotated 10000 sentences.
Batch #190: Serializing to file...
Batch #190: Serializing batch to file. Serialized 1900000 in 190 batches.
Batch #191: Annotating 10000 sentences...
Batch #191: Annotated 10000 sentences.
Batch #191: Serializing to file...
Batch #191: Serializing batch to file. Serialized 1910000 in 191 batches.
Batch #192: Annotating 10000 sentences...
Batch #192: Annotated 10000 sentences.
Batch #192: Serializing to file...
Batch #192: Serializing batch to file. Serialized 1920000 in 192 batches.
Batch #193: Annotating 10000 sentences...
Batch #193: Annotated 10000 sentences.
Batch #193: Serializing to file...
Batch #193: Serializing batch to file. Serialized 1930000 in 193 batches.
Batch #194: Annotating 10000 sentences...
Batch #194: Annotated 10000 sentences.
Batch #194: Serializing to file...
Batch #194: Serializing batch to file. Serialized 1940000 in 194 batches.
Batch #195: Annotating 10000 sentences...
Batch #195: Annotated 10000 sentences.
Batch #195: Serializing to file...
Batch #195: Serializing batch to file. Serialized 1950000 in 195 batches.
Batch #196: Annotating 10000 sentences...
Batch #196: Annotated 10000 sentences.
Batch #196: Serializing to file...
Batch #196: Serializing batch to file. Serialized 1960000 in 196 batches.
Batch #197: Annotating 10000 sentences...
Batch #197: Annotated 10000 sentences.
Batch #197: Serializing to file...
Batch #197: Serializing batch to file. Serialized 1970000 in 197 batches.
Batch #198: Annotating 10000 sentences...
Batch #198: Annotated 10000 sentences.
Batch #198: Serializing to file...
Batch #198: Serializing batch to file. Serialized 1980000 in 198 batches.
Batch #199: Annotating 10000 sentences...
Batch #199: Annotated 10000 sentences.
Batch #199: Serializing to file...
Batch #199: Serializing batch to file. Serialized 1990000 in 199 batches.
Batch #200: Annotating 10000 sentences...
Batch #200: Annotated 10000 sentences.
Batch #200: Serializing to file...
Batch #200: Serializing batch to file. Serialized 2000000 in 200 batches.
Batch #201: Annotating 10000 sentences...
Batch #201: Annotated 10000 sentences.
Batch #201: Serializing to file...
Batch #201: Serializing batch to file. Serialized 2010000 in 201 batches.
Batch #202: Annotating 10000 sentences...
Batch #202: Annotated 10000 sentences.
Batch #202: Serializing to file...
Batch #202: Serializing batch to file. Serialized 2020000 in 202 batches.
Batch #203: Annotating 10000 sentences...
Batch #203: Annotated 10000 sentences.
Batch #203: Serializing to file...
Batch #203: Serializing batch to file. Serialized 2030000 in 203 batches.
Batch #204: Annotating 10000 sentences...
Batch #204: Annotated 10000 sentences.
Batch #204: Serializing to file...
Batch #204: Serializing batch to file. Serialized 2040000 in 204 batches.
Batch #205: Annotating 10000 sentences...
Batch #205: Annotated 10000 sentences.
Batch #205: Serializing to file...
Batch #205: Serializing batch to file. Serialized 2050000 in 205 batches.
Batch #206: Annotating 10000 sentences...
Batch #206: Annotated 10000 sentences.
Batch #206: Serializing to file...
Batch #206: Serializing batch to file. Serialized 2060000 in 206 batches.
Batch #207: Annotating 10000 sentences...
Batch #207: Annotated 10000 sentences.
Batch #207: Serializing to file...
Batch #207: Serializing batch to file. Serialized 2070000 in 207 batches.
Batch #208: Annotating 10000 sentences...
Batch #208: Annotated 10000 sentences.
Batch #208: Serializing to file...
Batch #208: Serializing batch to file. Serialized 2080000 in 208 batches.
Batch #209: Annotating 10000 sentences...
Batch #209: Annotated 10000 sentences.
Batch #209: Serializing to file...
Batch #209: Serializing batch to file. Serialized 2090000 in 209 batches.
Batch #210: Annotating 10000 sentences...
Batch #210: Annotated 10000 sentences.
Batch #210: Serializing to file...
Batch #210: Serializing batch to file. Serialized 2100000 in 210 batches.
Batch #211: Annotating 10000 sentences...
Batch #211: Annotated 10000 sentences.
Batch #211: Serializing to file...
Batch #211: Serializing batch to file. Serialized 2110000 in 211 batches.
Batch #212: Annotating 10000 sentences...
Batch #212: Annotated 10000 sentences.
Batch #212: Serializing to file...
Batch #212: Serializing batch to file. Serialized 2120000 in 212 batches.
Batch #213: Annotating 10000 sentences...
Batch #213: Annotated 10000 sentences.
Batch #213: Serializing to file...
Batch #213: Serializing batch to file. Serialized 2130000 in 213 batches.
Batch #214: Annotating 10000 sentences...
Batch #214: Annotated 10000 sentences.
Batch #214: Serializing to file...
Batch #214: Serializing batch to file. Serialized 2140000 in 214 batches.
Batch #215: Annotating 10000 sentences...
Batch #215: Annotated 10000 sentences.
Batch #215: Serializing to file...
Batch #215: Serializing batch to file. Serialized 2150000 in 215 batches.
Batch #216: Annotating 10000 sentences...
Batch #216: Annotated 10000 sentences.
Batch #216: Serializing to file...
Batch #216: Serializing batch to file. Serialized 2160000 in 216 batches.
Batch #217: Annotating 10000 sentences...
Batch #217: Annotated 10000 sentences.
Batch #217: Serializing to file...
Batch #217: Serializing batch to file. Serialized 2170000 in 217 batches.
Batch #218: Annotating 10000 sentences...
Batch #218: Annotated 10000 sentences.
Batch #218: Serializing to file...
Batch #218: Serializing batch to file. Serialized 2180000 in 218 batches.
Batch #219: Annotating 10000 sentences...
Batch #219: Annotated 10000 sentences.
Batch #219: Serializing to file...
Batch #219: Serializing batch to file. Serialized 2190000 in 219 batches.
Batch #220: Annotating 10000 sentences...
Batch #220: Annotated 10000 sentences.
Batch #220: Serializing to file...
Batch #220: Serializing batch to file. Serialized 2200000 in 220 batches.
Batch #221: Annotating 10000 sentences...
Batch #221: Annotated 10000 sentences.
Batch #221: Serializing to file...
Batch #221: Serializing batch to file. Serialized 2210000 in 221 batches.
Batch #222: Annotating 10000 sentences...
Batch #222: Annotated 10000 sentences.
Batch #222: Serializing to file...
Batch #222: Serializing batch to file. Serialized 2220000 in 222 batches.
Batch #223: Annotating 10000 sentences...
Batch #223: Annotated 10000 sentences.
Batch #223: Serializing to file...
Batch #223: Serializing batch to file. Serialized 2230000 in 223 batches.
Batch #224: Annotating 10000 sentences...
Batch #224: Annotated 10000 sentences.
Batch #224: Serializing to file...
Batch #224: Serializing batch to file. Serialized 2240000 in 224 batches.
Batch #225: Annotating 10000 sentences...
Batch #225: Annotated 10000 sentences.
Batch #225: Serializing to file...
Batch #225: Serializing batch to file. Serialized 2250000 in 225 batches.
Batch #226: Annotating 10000 sentences...
Batch #226: Annotated 10000 sentences.
Batch #226: Serializing to file...
Batch #226: Serializing batch to file. Serialized 2260000 in 226 batches.
Batch #227: Annotating 10000 sentences...
Batch #227: Annotated 10000 sentences.
Batch #227: Serializing to file...
Batch #227: Serializing batch to file. Serialized 2270000 in 227 batches.
Batch #228: Annotating 10000 sentences...
Batch #228: Annotated 10000 sentences.
Batch #228: Serializing to file...
Batch #228: Serializing batch to file. Serialized 2280000 in 228 batches.
Batch #229: Annotating 10000 sentences...
Batch #229: Annotated 10000 sentences.
Batch #229: Serializing to file...
Batch #229: Serializing batch to file. Serialized 2290000 in 229 batches.
Batch #230: Annotating 10000 sentences...
Batch #230: Annotated 10000 sentences.
Batch #230: Serializing to file...
Batch #230: Serializing batch to file. Serialized 2300000 in 230 batches.
Batch #231: Annotating 10000 sentences...
Batch #231: Annotated 10000 sentences.
Batch #231: Serializing to file...
Batch #231: Serializing batch to file. Serialized 2310000 in 231 batches.
Batch #232: Annotating 10000 sentences...
Batch #232: Annotated 10000 sentences.
Batch #232: Serializing to file...
Batch #232: Serializing batch to file. Serialized 2320000 in 232 batches.
Batch #233: Annotating 10000 sentences...
Batch #233: Annotated 10000 sentences.
Batch #233: Serializing to file...
Batch #233: Serializing batch to file. Serialized 2330000 in 233 batches.
Batch #234: Annotating 10000 sentences...
Batch #234: Annotated 10000 sentences.
Batch #234: Serializing to file...
Batch #234: Serializing batch to file. Serialized 2340000 in 234 batches.
Batch #235: Annotating 10000 sentences...
Batch #235: Annotated 10000 sentences.
Batch #235: Serializing to file...
Batch #235: Serializing batch to file. Serialized 2350000 in 235 batches.
Batch #236: Annotating 10000 sentences...
Batch #236: Annotated 10000 sentences.
Batch #236: Serializing to file...
Batch #236: Serializing batch to file. Serialized 2360000 in 236 batches.
Batch #237: Annotating 10000 sentences...
Batch #237: Annotated 10000 sentences.
Batch #237: Serializing to file...
Batch #237: Serializing batch to file. Serialized 2370000 in 237 batches.
Batch #238: Annotating 10000 sentences...
Batch #238: Annotated 10000 sentences.
Batch #238: Serializing to file...
Batch #238: Serializing batch to file. Serialized 2380000 in 238 batches.
Batch #239: Annotating 10000 sentences...
Batch #239: Annotated 10000 sentences.
Batch #239: Serializing to file...
Batch #239: Serializing batch to file. Serialized 2390000 in 239 batches.
Batch #240: Annotating 10000 sentences...
Batch #240: Annotated 10000 sentences.
Batch #240: Serializing to file...
Batch #240: Serializing batch to file. Serialized 2400000 in 240 batches.
Batch #241: Annotating 10000 sentences...
Batch #241: Annotated 10000 sentences.
Batch #241: Serializing to file...
Batch #241: Serializing batch to file. Serialized 2410000 in 241 batches.
Batch #242: Annotating 10000 sentences...
Batch #242: Annotated 10000 sentences.
Batch #242: Serializing to file...
Batch #242: Serializing batch to file. Serialized 2420000 in 242 batches.
Batch #243: Annotating 10000 sentences...
Batch #243: Annotated 10000 sentences.
Batch #243: Serializing to file...
Batch #243: Serializing batch to file. Serialized 2430000 in 243 batches.
Batch #244: Annotating 10000 sentences...
Batch #244: Annotated 10000 sentences.
Batch #244: Serializing to file...
Batch #244: Serializing batch to file. Serialized 2440000 in 244 batches.
Batch #245: Annotating 10000 sentences...
Batch #245: Annotated 10000 sentences.
Batch #245: Serializing to file...
Batch #245: Serializing batch to file. Serialized 2450000 in 245 batches.
Batch #246: Annotating 10000 sentences...
Batch #246: Annotated 10000 sentences.
Batch #246: Serializing to file...
Batch #246: Serializing batch to file. Serialized 2460000 in 246 batches.
Batch #247: Annotating 10000 sentences...
Batch #247: Annotated 10000 sentences.
Batch #247: Serializing to file...
Batch #247: Serializing batch to file. Serialized 2470000 in 247 batches.
Batch #248: Annotating 10000 sentences...
Batch #248: Annotated 10000 sentences.
Batch #248: Serializing to file...
Batch #248: Serializing batch to file. Serialized 2480000 in 248 batches.
Batch #249: Annotating 10000 sentences...
Batch #249: Annotated 10000 sentences.
Batch #249: Serializing to file...
Batch #249: Serializing batch to file. Serialized 2490000 in 249 batches.
Batch #250: Annotating 10000 sentences...
Batch #250: Annotated 10000 sentences.
Batch #250: Serializing to file...
Batch #250: Serializing batch to file. Serialized 2500000 in 250 batches.
Batch #251: Annotating 10000 sentences...
Batch #251: Annotated 10000 sentences.
Batch #251: Serializing to file...
Batch #251: Serializing batch to file. Serialized 2510000 in 251 batches.
Batch #252: Annotating 10000 sentences...
Batch #252: Annotated 10000 sentences.
Batch #252: Serializing to file...
Batch #252: Serializing batch to file. Serialized 2520000 in 252 batches.
Batch #253: Annotating 10000 sentences...
Batch #253: Annotated 10000 sentences.
Batch #253: Serializing to file...
Batch #253: Serializing batch to file. Serialized 2530000 in 253 batches.
Batch #254: Annotating 10000 sentences...
Batch #254: Annotated 10000 sentences.
Batch #254: Serializing to file...
Batch #254: Serializing batch to file. Serialized 2540000 in 254 batches.
Batch #255: Annotating 10000 sentences...
Batch #255: Annotated 10000 sentences.
Batch #255: Serializing to file...
Batch #255: Serializing batch to file. Serialized 2550000 in 255 batches.
Batch #256: Annotating 10000 sentences...
Batch #256: Annotated 10000 sentences.
Batch #256: Serializing to file...
Batch #256: Serializing batch to file. Serialized 2560000 in 256 batches.
Batch #257: Annotating 10000 sentences...
Batch #257: Annotated 10000 sentences.
Batch #257: Serializing to file...
Batch #257: Serializing batch to file. Serialized 2570000 in 257 batches.
Batch #258: Annotating 10000 sentences...
Batch #258: Annotated 10000 sentences.
Batch #258: Serializing to file...
Batch #258: Serializing batch to file. Serialized 2580000 in 258 batches.
Batch #259: Annotating 10000 sentences...
Batch #259: Annotated 10000 sentences.
Batch #259: Serializing to file...
Batch #259: Serializing batch to file. Serialized 2590000 in 259 batches.
Batch #260: Annotating 10000 sentences...
Batch #260: Annotated 10000 sentences.
Batch #260: Serializing to file...
Batch #260: Serializing batch to file. Serialized 2600000 in 260 batches.
Batch #261: Annotating 10000 sentences...
Batch #261: Annotated 10000 sentences.
Batch #261: Serializing to file...
Batch #261: Serializing batch to file. Serialized 2610000 in 261 batches.
Batch #262: Annotating 10000 sentences...
Batch #262: Annotated 10000 sentences.
Batch #262: Serializing to file...
Batch #262: Serializing batch to file. Serialized 2620000 in 262 batches.
Batch #263: Annotating 10000 sentences...
Batch #263: Annotated 10000 sentences.
Batch #263: Serializing to file...
Batch #263: Serializing batch to file. Serialized 2630000 in 263 batches.
Batch #264: Annotating 10000 sentences...
Batch #264: Annotated 10000 sentences.
Batch #264: Serializing to file...
Batch #264: Serializing batch to file. Serialized 2640000 in 264 batches.
Batch #265: Annotating 10000 sentences...
Batch #265: Annotated 10000 sentences.
Batch #265: Serializing to file...
Batch #265: Serializing batch to file. Serialized 2650000 in 265 batches.
Batch #266: Annotating 10000 sentences...
Batch #266: Annotated 10000 sentences.
Batch #266: Serializing to file...
Batch #266: Serializing batch to file. Serialized 2660000 in 266 batches.
Batch #267: Annotating 10000 sentences...
Batch #267: Annotated 10000 sentences.
Batch #267: Serializing to file...
Batch #267: Serializing batch to file. Serialized 2670000 in 267 batches.
Batch #268: Annotating 10000 sentences...
Batch #268: Annotated 10000 sentences.
Batch #268: Serializing to file...
Batch #268: Serializing batch to file. Serialized 2680000 in 268 batches.
Batch #269: Annotating 10000 sentences...
Batch #269: Annotated 10000 sentences.
Batch #269: Serializing to file...
Batch #269: Serializing batch to file. Serialized 2690000 in 269 batches.
Batch #270: Annotating 10000 sentences...
Batch #270: Annotated 10000 sentences.
Batch #270: Serializing to file...
Batch #270: Serializing batch to file. Serialized 2700000 in 270 batches.
Batch #271: Annotating 10000 sentences...
Batch #271: Annotated 10000 sentences.
Batch #271: Serializing to file...
Batch #271: Serializing batch to file. Serialized 2710000 in 271 batches.
Batch #272: Annotating 10000 sentences...
Batch #272: Annotated 10000 sentences.
Batch #272: Serializing to file...
Batch #272: Serializing batch to file. Serialized 2720000 in 272 batches.
Batch #273: Annotating 10000 sentences...
Batch #273: Annotated 10000 sentences.
Batch #273: Serializing to file...
Batch #273: Serializing batch to file. Serialized 2730000 in 273 batches.
Batch #274: Annotating 10000 sentences...
Batch #274: Annotated 10000 sentences.
Batch #274: Serializing to file...
Batch #274: Serializing batch to file. Serialized 2740000 in 274 batches.
Batch #275: Annotating 10000 sentences...
Batch #275: Annotated 10000 sentences.
Batch #275: Serializing to file...
Batch #275: Serializing batch to file. Serialized 2750000 in 275 batches.
Batch #276: Annotating 10000 sentences...
Batch #276: Annotated 10000 sentences.
Batch #276: Serializing to file...
Batch #276: Serializing batch to file. Serialized 2760000 in 276 batches.
Batch #277: Annotating 10000 sentences...
Batch #277: Annotated 10000 sentences.
Batch #277: Serializing to file...
Batch #277: Serializing batch to file. Serialized 2770000 in 277 batches.
Batch #278: Annotating 10000 sentences...
Batch #278: Annotated 10000 sentences.
Batch #278: Serializing to file...
Batch #278: Serializing batch to file. Serialized 2780000 in 278 batches.
Batch #279: Annotating 10000 sentences...
Batch #279: Annotated 10000 sentences.
Batch #279: Serializing to file...
Batch #279: Serializing batch to file. Serialized 2790000 in 279 batches.
Batch #280: Annotating 10000 sentences...
Batch #280: Annotated 10000 sentences.
Batch #280: Serializing to file...
Batch #280: Serializing batch to file. Serialized 2800000 in 280 batches.
Batch #281: Annotating 10000 sentences...
Batch #281: Annotated 10000 sentences.
Batch #281: Serializing to file...
Batch #281: Serializing batch to file. Serialized 2810000 in 281 batches.
Batch #282: Annotating 10000 sentences...
Batch #282: Annotated 10000 sentences.
Batch #282: Serializing to file...
Batch #282: Serializing batch to file. Serialized 2820000 in 282 batches.
Batch #283: Annotating 10000 sentences...
Batch #283: Annotated 10000 sentences.
Batch #283: Serializing to file...
Batch #283: Serializing batch to file. Serialized 2830000 in 283 batches.
Batch #284: Annotating 10000 sentences...
Batch #284: Annotated 10000 sentences.
Batch #284: Serializing to file...
Batch #284: Serializing batch to file. Serialized 2840000 in 284 batches.
Batch #285: Annotating 10000 sentences...
Batch #285: Annotated 10000 sentences.
Batch #285: Serializing to file...
Batch #285: Serializing batch to file. Serialized 2850000 in 285 batches.
Batch #286: Annotating 10000 sentences...
Batch #286: Annotated 10000 sentences.
Batch #286: Serializing to file...
Batch #286: Serializing batch to file. Serialized 2860000 in 286 batches.
Batch #287: Annotating 10000 sentences...
Batch #287: Annotated 10000 sentences.
Batch #287: Serializing to file...
Batch #287: Serializing batch to file. Serialized 2870000 in 287 batches.
Batch #288: Annotating 10000 sentences...
Batch #288: Annotated 10000 sentences.
Batch #288: Serializing to file...
Batch #288: Serializing batch to file. Serialized 2880000 in 288 batches.
Batch #289: Annotating 10000 sentences...
Batch #289: Annotated 10000 sentences.
Batch #289: Serializing to file...
Batch #289: Serializing batch to file. Serialized 2890000 in 289 batches.
Batch #290: Annotating 10000 sentences...
Batch #290: Annotated 10000 sentences.
Batch #290: Serializing to file...
Batch #290: Serializing batch to file. Serialized 2900000 in 290 batches.
Batch #291: Annotating 10000 sentences...
Batch #291: Annotated 10000 sentences.
Batch #291: Serializing to file...
Batch #291: Serializing batch to file. Serialized 2910000 in 291 batches.
Batch #292: Annotating 10000 sentences...
Batch #292: Annotated 10000 sentences.
Batch #292: Serializing to file...
Batch #292: Serializing batch to file. Serialized 2920000 in 292 batches.
Batch #293: Annotating 10000 sentences...
Batch #293: Annotated 10000 sentences.
Batch #293: Serializing to file...
Batch #293: Serializing batch to file. Serialized 2930000 in 293 batches.
Batch #294: Annotating 10000 sentences...
Batch #294: Annotated 10000 sentences.
Batch #294: Serializing to file...
Batch #294: Serializing batch to file. Serialized 2940000 in 294 batches.
Batch #295: Annotating 10000 sentences...
Batch #295: Annotated 10000 sentences.
Batch #295: Serializing to file...
Batch #295: Serializing batch to file. Serialized 2950000 in 295 batches.
Batch #296: Annotating 10000 sentences...
Batch #296: Annotated 10000 sentences.
Batch #296: Serializing to file...
Batch #296: Serializing batch to file. Serialized 2960000 in 296 batches.
Batch #297: Annotating 10000 sentences...
Batch #297: Annotated 10000 sentences.
Batch #297: Serializing to file...
Batch #297: Serializing batch to file. Serialized 2970000 in 297 batches.
Batch #298: Annotating 10000 sentences...
Batch #298: Annotated 10000 sentences.
Batch #298: Serializing to file...
Batch #298: Serializing batch to file. Serialized 2980000 in 298 batches.
Batch #299: Annotating 10000 sentences...
Batch #299: Annotated 10000 sentences.
Batch #299: Serializing to file...
Batch #299: Serializing batch to file. Serialized 2990000 in 299 batches.
Batch #300: Annotating 10000 sentences...
Batch #300: Annotated 10000 sentences.
Batch #300: Serializing to file...
Batch #300: Serializing batch to file. Serialized 3000000 in 300 batches.
Batch #301: Annotating 10000 sentences...
Batch #301: Annotated 10000 sentences.
Batch #301: Serializing to file...
Batch #301: Serializing batch to file. Serialized 3010000 in 301 batches.
Batch #302: Annotating 10000 sentences...
Batch #302: Annotated 10000 sentences.
Batch #302: Serializing to file...
Batch #302: Serializing batch to file. Serialized 3020000 in 302 batches.
Batch #303: Annotating 10000 sentences...
Batch #303: Annotated 10000 sentences.
Batch #303: Serializing to file...
Batch #303: Serializing batch to file. Serialized 3030000 in 303 batches.
Batch #304: Annotating 10000 sentences...
Batch #304: Annotated 10000 sentences.
Batch #304: Serializing to file...
Batch #304: Serializing batch to file. Serialized 3040000 in 304 batches.
Batch #305: Annotating 10000 sentences...
Batch #305: Annotated 10000 sentences.
Batch #305: Serializing to file...
Batch #305: Serializing batch to file. Serialized 3050000 in 305 batches.
Batch #306: Annotating 2726 sentences...
Batch #306: Annotated 2726 sentences.
Batch #306: Serializing to file...
Batch #306: Serializing batch to file. Serialized 3052726 in 306 batches.
No more batches. Annotated and serialized 3052726 in 306 batches.
Annotating & serializing Documents complete!
Done
